{"/home/roberto/study/advanced-clean-ts-api/src/data/services/facebook-authentication.ts": {"path":"/home/roberto/study/advanced-clean-ts-api/src/data/services/facebook-authentication.ts","statementMap":{"0":{"start":{"line":4,"column":0},"end":{"line":4,"column":53}},"1":{"start":{"line":6,"column":0},"end":{"line":6,"column":62}},"2":{"start":{"line":10,"column":21},"end":{"line":10,"column":54}},"3":{"start":{"line":11,"column":21},"end":{"line":11,"column":97}},"4":{"start":{"line":12,"column":21},"end":{"line":12,"column":44}},"5":{"start":{"line":16,"column":19},"end":{"line":16,"column":58}},"6":{"start":{"line":17,"column":4},"end":{"line":23,"column":null}},"7":{"start":{"line":18,"column":26},"end":{"line":18,"column":82}},"8":{"start":{"line":19,"column":24},"end":{"line":19,"column":64}},"9":{"start":{"line":20,"column":21},"end":{"line":20,"column":75}},"10":{"start":{"line":21,"column":20},"end":{"line":21,"column":108}},"11":{"start":{"line":22,"column":6},"end":{"line":22,"column":null}},"12":{"start":{"line":25,"column":4},"end":{"line":25,"column":null}},"13":{"start":{"line":8,"column":0},"end":{"line":8,"column":13}}},"fnMap":{"0":{"name":"(anonymous_0)","decl":{"start":{"line":9,"column":2},"end":{"line":9,"column":null}},"loc":{"start":{"line":12,"column":44},"end":{"line":13,"column":6}}},"1":{"name":"(anonymous_1)","decl":{"start":{"line":15,"column":2},"end":{"line":15,"column":7}},"loc":{"start":{"line":15,"column":55},"end":{"line":26,"column":3}}}},"branchMap":{"0":{"loc":{"start":{"line":17,"column":4},"end":{"line":23,"column":null}},"type":"if","locations":[{"start":{"line":17,"column":4},"end":{"line":23,"column":null}}]}},"s":{"0":1,"1":1,"2":10,"3":10,"4":10,"5":10,"6":9,"7":8,"8":7,"9":7,"10":6,"11":5,"12":1,"13":1},"f":{"0":10,"1":10},"b":{"0":[8]}}
,"/home/roberto/study/advanced-clean-ts-api/src/domain/errors/authentication.ts": {"path":"/home/roberto/study/advanced-clean-ts-api/src/domain/errors/authentication.ts","statementMap":{"0":{"start":{"line":3,"column":4},"end":{"line":3,"column":null}},"1":{"start":{"line":4,"column":4},"end":{"line":4,"column":null}},"2":{"start":{"line":1,"column":0},"end":{"line":1,"column":13}}},"fnMap":{"0":{"name":"(anonymous_0)","decl":{"start":{"line":2,"column":2},"end":{"line":2,"column":null}},"loc":{"start":{"line":2,"column":2},"end":{"line":5,"column":3}}}},"branchMap":{},"s":{"0":2,"1":2,"2":1},"f":{"0":2},"b":{}}
,"/home/roberto/study/advanced-clean-ts-api/src/domain/models/access-token.ts": {"path":"/home/roberto/study/advanced-clean-ts-api/src/domain/models/access-token.ts","statementMap":{"0":{"start":{"line":2,"column":32},"end":{"line":2,"column":45}},"1":{"start":{"line":5,"column":4},"end":{"line":5,"column":null}},"2":{"start":{"line":1,"column":0},"end":{"line":1,"column":13}}},"fnMap":{"0":{"name":"(anonymous_0)","decl":{"start":{"line":2,"column":2},"end":{"line":2,"column":32}},"loc":{"start":{"line":2,"column":45},"end":{"line":2,"column":49}}},"1":{"name":"(anonymous_1)","decl":{"start":{"line":4,"column":2},"end":{"line":4,"column":8}},"loc":{"start":{"line":4,"column":27},"end":{"line":6,"column":3}}}},"branchMap":{},"s":{"0":7,"1":8,"2":3},"f":{"0":7,"1":8},"b":{}}
,"/home/roberto/study/advanced-clean-ts-api/src/domain/models/facebook-account.ts": {"path":"/home/roberto/study/advanced-clean-ts-api/src/domain/models/facebook-account.ts","statementMap":{"0":{"start":{"line":19,"column":4},"end":{"line":19,"column":null}},"1":{"start":{"line":20,"column":4},"end":{"line":20,"column":null}},"2":{"start":{"line":21,"column":4},"end":{"line":21,"column":null}},"3":{"start":{"line":22,"column":4},"end":{"line":22,"column":null}},"4":{"start":{"line":12,"column":0},"end":{"line":12,"column":13}}},"fnMap":{"0":{"name":"(anonymous_0)","decl":{"start":{"line":18,"column":2},"end":{"line":18,"column":15}},"loc":{"start":{"line":18,"column":62},"end":{"line":23,"column":3}}}},"branchMap":{"0":{"loc":{"start":{"line":20,"column":16},"end":{"line":20,"column":48}},"type":"binary-expr","locations":[{"start":{"line":20,"column":16},"end":{"line":20,"column":33}},{"start":{"line":20,"column":37},"end":{"line":20,"column":48}}]}},"s":{"0":3,"1":3,"2":3,"3":3,"4":3},"f":{"0":3},"b":{"0":[3,2]}}
,"/home/roberto/study/advanced-clean-ts-api/src/infra/apis/facebook.ts": {"path":"/home/roberto/study/advanced-clean-ts-api/src/infra/apis/facebook.ts","statementMap":{"0":{"start":{"line":24,"column":21},"end":{"line":24,"column":47}},"1":{"start":{"line":25,"column":21},"end":{"line":25,"column":37}},"2":{"start":{"line":26,"column":21},"end":{"line":26,"column":41}},"3":{"start":{"line":21,"column":19},"end":{"line":21,"column":null}},"4":{"start":{"line":30,"column":21},"end":{"line":30,"column":57}},"5":{"start":{"line":32,"column":4},"end":{"line":36,"column":null}},"6":{"start":{"line":40,"column":4},"end":{"line":47,"column":null}},"7":{"start":{"line":51,"column":21},"end":{"line":51,"column":45}},"8":{"start":{"line":52,"column":4},"end":{"line":58,"column":null}},"9":{"start":{"line":62,"column":23},"end":{"line":62,"column":60}},"10":{"start":{"line":64,"column":4},"end":{"line":70,"column":null}},"11":{"start":{"line":20,"column":0},"end":{"line":20,"column":13}}},"fnMap":{"0":{"name":"(anonymous_0)","decl":{"start":{"line":23,"column":2},"end":{"line":23,"column":null}},"loc":{"start":{"line":26,"column":41},"end":{"line":27,"column":6}}},"1":{"name":"(anonymous_1)","decl":{"start":{"line":29,"column":2},"end":{"line":29,"column":7}},"loc":{"start":{"line":29,"column":53},"end":{"line":37,"column":3}}},"2":{"name":"(anonymous_2)","decl":{"start":{"line":39,"column":10},"end":{"line":39,"column":15}},"loc":{"start":{"line":39,"column":27},"end":{"line":48,"column":3}}},"3":{"name":"(anonymous_3)","decl":{"start":{"line":50,"column":10},"end":{"line":50,"column":15}},"loc":{"start":{"line":50,"column":50},"end":{"line":59,"column":3}}},"4":{"name":"(anonymous_4)","decl":{"start":{"line":61,"column":10},"end":{"line":61,"column":15}},"loc":{"start":{"line":61,"column":48},"end":{"line":71,"column":3}}}},"branchMap":{},"s":{"0":4,"1":4,"2":4,"3":4,"4":4,"5":4,"6":4,"7":4,"8":4,"9":4,"10":4,"11":1},"f":{"0":4,"1":4,"2":4,"3":4,"4":4},"b":{}}
}
