TN:
SF:src/application/controllers/controller.ts
FN:7,(anonymous_0)
FN:11,(anonymous_1)
FN:24,(anonymous_2)
FNF:3
FNH:3
FNDA:4,(anonymous_0)
FNDA:13,(anonymous_1)
FNDA:13,(anonymous_2)
DA:1,6
DA:2,6
DA:4,6
DA:8,4
DA:12,13
DA:13,13
DA:14,1
DA:17,12
DA:18,12
DA:20,2
DA:25,13
DA:26,13
LF:12
LH:12
BRDA:13,0,0,1
BRF:1
BRH:1
end_of_record
TN:
SF:src/application/controllers/facebook-login.ts
FN:10,(anonymous_0)
FN:14,(anonymous_1)
FN:23,(anonymous_2)
FNF:3
FNH:3
FNDA:8,(anonymous_0)
FNDA:5,(anonymous_1)
FNDA:6,(anonymous_2)
DA:1,6
DA:2,6
DA:3,6
DA:9,6
DA:10,8
DA:11,8
DA:15,5
DA:16,5
DA:17,3
DA:19,2
DA:24,6
LF:11
LH:11
BRF:0
BRH:0
end_of_record
TN:
SF:src/application/controllers/save-picture.ts
FN:10,(anonymous_0)
FN:14,(anonymous_1)
FN:19,(anonymous_2)
FNF:3
FNH:3
FNDA:11,(anonymous_0)
FNDA:4,(anonymous_1)
FNDA:6,(anonymous_2)
DA:1,6
DA:2,6
DA:3,6
DA:9,6
DA:10,11
DA:11,11
DA:15,4
DA:16,4
DA:20,6
DA:21,4
LF:10
LH:10
BRDA:20,0,0,2
BRF:1
BRH:1
end_of_record
TN:
SF:src/application/errors/http.ts
FN:2,(anonymous_0)
FN:10,(anonymous_1)
FN:17,(anonymous_2)
FNF:3
FNH:3
FNDA:6,(anonymous_0)
FNDA:4,(anonymous_1)
FNDA:12,(anonymous_2)
DA:1,14
DA:3,6
DA:4,6
DA:5,6
DA:9,14
DA:11,4
DA:12,4
DA:16,14
DA:18,12
DA:19,12
LF:10
LH:10
BRF:0
BRH:0
end_of_record
TN:
SF:src/application/errors/validation.ts
FN:2,(anonymous_0)
FN:12,(anonymous_1)
FN:19,(anonymous_2)
FNF:3
FNH:3
FNDA:19,(anonymous_0)
FNDA:2,(anonymous_1)
FNDA:2,(anonymous_2)
DA:1,14
DA:3,19
DA:6,19
DA:7,19
DA:11,14
DA:13,2
DA:14,2
DA:18,14
DA:20,2
DA:21,2
LF:10
LH:10
BRDA:3,0,0,2
BRDA:3,0,1,17
BRF:2
BRH:2
end_of_record
TN:
SF:src/application/helpers/http.ts
FN:8,(anonymous_0)
FN:13,(anonymous_1)
FN:18,(anonymous_2)
FN:23,(anonymous_3)
FN:28,(anonymous_4)
FNF:5
FNH:5
FNDA:13,(anonymous_0)
FNDA:1,(anonymous_1)
FNDA:2,(anonymous_2)
FNDA:7,(anonymous_3)
FNDA:2,(anonymous_4)
DA:1,7
DA:8,13
DA:13,7
DA:18,7
DA:23,7
DA:28,7
LF:6
LH:6
BRDA:30,0,0,1
BRDA:30,0,1,1
BRF:2
BRH:2
end_of_record
TN:
SF:src/application/middlewares/authentication.ts
FN:10,(anonymous_0)
FN:12,(anonymous_1)
FN:22,(anonymous_2)
FNF:3
FNH:3
FNDA:9,(anonymous_0)
FNDA:13,(anonymous_1)
FNDA:13,(anonymous_2)
DA:1,4
DA:3,4
DA:9,4
DA:10,9
DA:13,13
DA:14,7
DA:15,7
DA:16,6
DA:18,1
DA:23,13
DA:24,13
LF:11
LH:11
BRDA:13,0,0,6
BRF:1
BRH:1
end_of_record
TN:
SF:src/application/validation/allowed-mime-types.ts
FN:6,(anonymous_0)
FN:11,(anonymous_1)
FN:17,(anonymous_2)
FN:21,(anonymous_3)
FNF:4
FNH:4
FNDA:13,(anonymous_0)
FNDA:7,(anonymous_1)
FNDA:7,(anonymous_2)
FNDA:3,(anonymous_3)
DA:1,12
DA:5,12
DA:7,13
DA:8,13
DA:12,7
DA:13,7
DA:14,7
DA:18,7
DA:22,3
LF:9
LH:9
BRDA:13,0,0,6
BRDA:13,1,0,7
BRDA:13,1,1,3
BRDA:14,2,0,1
BRDA:18,3,0,7
BRDA:18,3,1,5
BRDA:22,4,0,3
BRDA:22,4,1,2
BRF:8
BRH:8
end_of_record
TN:
SF:src/application/validation/builder.ts
FN:4,(anonymous_0)
FN:10,(anonymous_1)
FN:14,(anonymous_2)
FN:28,(anonymous_3)
FN:38,(anonymous_4)
FNF:5
FNH:5
FNDA:17,(anonymous_0)
FNDA:17,(anonymous_1)
FNDA:14,(anonymous_2)
FNDA:7,(anonymous_3)
FNDA:17,(anonymous_4)
DA:1,12
DA:3,12
DA:5,17
DA:6,17
DA:7,17
DA:11,17
DA:15,14
DA:16,1
DA:17,13
DA:18,7
DA:19,6
DA:20,6
DA:21,6
DA:22,5
DA:25,14
DA:29,7
DA:30,6
DA:32,7
DA:33,6
DA:35,7
DA:39,17
LF:21
LH:21
BRDA:7,0,0,17
BRDA:15,1,0,1
BRDA:15,1,1,13
BRDA:17,2,0,7
BRDA:17,2,1,6
BRDA:19,3,0,6
BRDA:21,4,0,5
BRDA:29,5,0,6
BRDA:32,6,0,6
BRF:9
BRH:9
end_of_record
TN:
SF:src/application/validation/composite.ts
FN:4,(anonymous_0)
FN:6,(anonymous_1)
FNF:2
FNH:2
FNDA:12,(anonymous_0)
FNDA:12,(anonymous_1)
DA:3,12
DA:4,12
DA:7,12
DA:8,22
DA:9,22
LF:5
LH:5
BRDA:9,0,0,2
BRF:1
BRH:1
end_of_record
TN:
SF:src/application/validation/max-file-size.ts
FN:4,(anonymous_0)
FN:9,(anonymous_1)
FNF:2
FNH:2
FNDA:12,(anonymous_0)
FNDA:6,(anonymous_1)
DA:1,12
DA:3,12
DA:5,12
DA:6,12
DA:10,6
DA:11,6
LF:6
LH:6
BRDA:11,0,0,1
BRF:1
BRH:1
end_of_record
TN:
SF:src/application/validation/required.ts
FN:5,(anonymous_0)
FN:10,(anonymous_1)
FN:16,(anonymous_2)
FN:23,(anonymous_3)
FN:31,(anonymous_4)
FN:38,(anonymous_5)
FNF:6
FNH:6
FNDA:49,(anonymous_0)
FNDA:31,(anonymous_1)
FNDA:25,(anonymous_2)
FNDA:20,(anonymous_3)
FNDA:12,(anonymous_4)
FNDA:5,(anonymous_5)
DA:1,12
DA:4,12
DA:6,49
DA:7,49
DA:11,31
DA:15,12
DA:17,25
DA:18,25
DA:20,25
DA:24,20
DA:25,7
DA:30,12
DA:32,12
DA:33,12
DA:35,12
DA:39,5
DA:40,1
LF:17
LH:17
BRDA:11,0,0,7
BRDA:11,1,0,31
BRDA:11,1,1,29
BRDA:24,2,0,7
BRDA:24,3,0,20
BRDA:24,3,1,15
BRDA:39,4,0,1
BRDA:39,5,0,5
BRDA:39,5,1,5
BRF:9
BRH:9
end_of_record
TN:
SF:src/domain/entities/access-token.ts
FNF:0
FNH:0
DA:1,8
LF:1
LH:1
BRF:0
BRH:0
end_of_record
TN:
SF:src/domain/entities/facebook-account.ts
FN:18,(anonymous_0)
FNF:1
FNH:1
FNDA:4,(anonymous_0)
DA:12,8
DA:19,4
DA:20,4
DA:21,4
DA:22,4
LF:5
LH:5
BRDA:20,0,0,4
BRDA:20,0,1,3
BRF:2
BRH:2
end_of_record
TN:
SF:src/domain/entities/user-profile.ts
FN:5,(anonymous_0)
FN:7,(anonymous_1)
FNF:2
FNH:2
FNDA:9,(anonymous_0)
FNDA:9,(anonymous_1)
DA:1,8
DA:5,9
DA:8,9
DA:9,9
DA:10,4
DA:11,4
DA:12,2
DA:13,2
LF:8
LH:8
BRDA:9,0,0,4
BRDA:9,1,0,9
BRDA:9,1,1,6
BRDA:9,1,2,5
BRDA:11,2,0,2
BRDA:11,2,1,2
BRF:6
BRH:6
end_of_record
TN:
SF:src/domain/entities/errors/authentication.ts
FN:2,(anonymous_0)
FNF:1
FNH:1
FNDA:4,(anonymous_0)
DA:1,6
DA:3,4
DA:4,4
LF:3
LH:3
BRF:0
BRH:0
end_of_record
TN:
SF:src/domain/use-cases/change-profile-picture.ts
FN:10,(anonymous_0)
FN:10,(anonymous_1)
FNF:2
FNH:2
FNDA:20,(anonymous_0)
FNDA:16,(anonymous_1)
DA:3,5
DA:10,20
DA:11,16
DA:12,15
DA:17,13
DA:18,13
DA:20,13
DA:21,13
DA:23,3
DA:24,3
DA:27,10
LF:11
LH:11
BRDA:13,0,0,9
BRDA:13,0,1,6
BRDA:14,1,0,6
BRDA:14,1,1,8
BRDA:23,2,0,1
BRF:5
BRH:5
end_of_record
TN:
SF:src/domain/use-cases/facebook-authentication.ts
FN:11,(anonymous_0)
FN:11,(anonymous_1)
FNF:2
FNH:2
FNDA:13,(anonymous_0)
FNDA:12,(anonymous_1)
DA:3,5
DA:4,5
DA:11,13
DA:12,12
DA:13,11
DA:14,9
DA:15,8
DA:16,8
DA:17,7
DA:18,6
DA:21,2
LF:11
LH:11
BRDA:13,0,0,9
BRF:1
BRH:1
end_of_record
TN:
SF:src/infra/gateways/aws-s3-file-storage.ts
FN:6,(anonymous_0)
FN:19,(anonymous_1)
FN:30,(anonymous_2)
FNF:3
FNH:3
FNDA:11,(anonymous_0)
FNDA:4,(anonymous_1)
FNDA:2,(anonymous_2)
DA:3,8
DA:5,8
DA:7,11
DA:8,11
DA:9,11
DA:11,11
DA:20,4
DA:27,3
DA:31,2
LF:9
LH:9
BRF:0
BRH:0
end_of_record
TN:
SF:src/infra/gateways/axios-client.ts
FN:6,(anonymous_1)
FNF:1
FNH:1
FNDA:4,(anonymous_1)
DA:3,9
DA:5,9
DA:7,4
DA:8,3
LF:4
LH:4
BRF:0
BRH:0
end_of_record
TN:
SF:src/infra/gateways/facebook-api.ts
FN:26,(anonymous_0)
FN:32,(anonymous_1)
FN:34,(anonymous_2)
FN:35,(anonymous_3)
FN:38,(anonymous_4)
FN:49,(anonymous_5)
FN:60,(anonymous_6)
FNF:7
FNH:7
FNDA:7,(anonymous_0)
FNDA:5,(anonymous_1)
FNDA:4,(anonymous_2)
FNDA:1,(anonymous_3)
FNDA:5,(anonymous_4)
FNDA:5,(anonymous_5)
FNDA:5,(anonymous_6)
DA:23,8
DA:24,7
DA:27,7
DA:28,7
DA:29,7
DA:33,5
DA:34,4
DA:35,1
DA:39,5
DA:50,5
DA:51,4
DA:61,5
DA:63,4
LF:13
LH:13
BRF:0
BRH:0
end_of_record
TN:
SF:src/infra/gateways/jwt-token-handler.ts
FN:6,(anonymous_0)
FN:8,(anonymous_1)
FN:13,(anonymous_2)
FNF:3
FNH:3
FNDA:13,(anonymous_0)
FNDA:4,(anonymous_1)
FNDA:8,(anonymous_2)
DA:3,9
DA:5,9
DA:6,13
DA:9,4
DA:10,4
DA:14,8
DA:15,7
LF:7
LH:7
BRF:0
BRH:0
end_of_record
TN:
SF:src/infra/gateways/unique-id.ts
FN:4,(anonymous_0)
FNF:1
FNH:1
FNDA:3,(anonymous_0)
DA:3,9
DA:5,3
DA:6,3
LF:3
LH:3
BRF:0
BRH:0
end_of_record
TN:
SF:src/infra/gateways/uuid-handler.ts
FN:6,(anonymous_0)
FNF:1
FNH:1
FNDA:2,(anonymous_0)
DA:3,9
DA:5,9
DA:7,2
LF:3
LH:3
BRF:0
BRH:0
end_of_record
TN:
SF:src/infra/repos/postgres/repository.ts
FN:6,(anonymous_0)
FN:8,(anonymous_1)
FNF:2
FNH:2
FNDA:19,(anonymous_0)
FNDA:13,(anonymous_1)
DA:1,5
DA:5,5
DA:6,19
DA:9,13
LF:4
LH:4
BRDA:6,0,0,19
BRF:1
BRH:1
end_of_record
TN:
SF:src/infra/repos/postgres/user-account.ts
FN:11,(anonymous_0)
FN:22,(anonymous_1)
FNF:2
FNH:2
FNDA:3,(anonymous_0)
FNDA:3,(anonymous_1)
DA:1,5
DA:2,5
DA:10,5
DA:12,3
DA:13,3
DA:14,3
DA:15,1
DA:23,3
DA:25,3
DA:26,2
DA:27,2
DA:29,1
DA:30,1
DA:32,3
LF:14
LH:14
BRDA:14,0,0,1
BRDA:17,1,0,1
BRDA:17,1,1,1
BRDA:25,2,0,2
BRDA:25,2,1,1
BRF:5
BRH:5
end_of_record
TN:
SF:src/infra/repos/postgres/user-profile.ts
FN:6,(anonymous_0)
FN:11,(anonymous_1)
FNF:2
FNH:2
FNDA:3,(anonymous_0)
FNDA:4,(anonymous_1)
DA:1,5
DA:2,5
DA:5,5
DA:7,3
DA:8,3
DA:12,4
DA:13,4
DA:14,4
LF:8
LH:8
BRDA:14,0,0,3
BRDA:14,1,0,3
BRDA:14,1,1,1
BRF:3
BRH:3
end_of_record
TN:
SF:src/infra/repos/postgres/entities/user.ts
FNF:0
FNH:0
DA:1,6
DA:4,6
DA:5,6
DA:8,6
DA:11,6
DA:14,6
DA:17,6
DA:20,6
LF:8
LH:8
BRF:0
BRH:0
end_of_record
TN:
SF:src/infra/repos/postgres/helpers/connection.ts
FN:9,(anonymous_0)
FN:11,(anonymous_1)
FN:16,(anonymous_2)
FN:22,(anonymous_3)
FN:29,(anonymous_4)
FN:35,(anonymous_5)
FN:40,(anonymous_6)
FN:45,(anonymous_7)
FN:50,(anonymous_8)
FNF:9
FNH:9
FNDA:6,(anonymous_0)
FNDA:43,(anonymous_1)
FNDA:13,(anonymous_2)
FNDA:11,(anonymous_3)
FNDA:6,(anonymous_4)
FNDA:2,(anonymous_5)
FNDA:2,(anonymous_6)
FNDA:2,(anonymous_7)
FNDA:19,(anonymous_8)
DA:1,6
DA:2,6
DA:4,6
DA:12,43
DA:13,43
DA:17,13
DA:23,11
DA:24,10
DA:25,10
DA:26,10
DA:30,6
DA:31,5
DA:32,5
DA:36,2
DA:37,1
DA:41,2
DA:42,1
DA:46,2
DA:47,1
DA:51,19
DA:52,18
DA:53,17
LF:22
LH:22
BRDA:12,0,0,6
BRDA:17,1,0,12
BRDA:17,1,1,1
BRDA:23,2,0,1
BRDA:30,3,0,1
BRDA:36,4,0,1
BRDA:41,5,0,1
BRDA:46,6,0,1
BRDA:51,7,0,1
BRDA:52,8,0,1
BRF:10
BRH:10
end_of_record
TN:
SF:src/infra/repos/postgres/helpers/errors.ts
FN:2,(anonymous_0)
FN:9,(anonymous_1)
FNF:2
FNH:2
FNDA:6,(anonymous_0)
FNDA:6,(anonymous_1)
DA:1,6
DA:3,6
DA:4,6
DA:8,6
DA:10,6
DA:11,6
LF:6
LH:6
BRF:0
BRH:0
end_of_record
