TN:
SF:src/data/services/facebook-authentication.ts
FN:9,(anonymous_0)
FN:15,(anonymous_1)
FNF:2
FNH:2
FNDA:10,(anonymous_0)
FNDA:10,(anonymous_1)
DA:4,1
DA:6,1
DA:8,1
DA:10,10
DA:11,10
DA:12,10
DA:16,10
DA:17,9
DA:18,8
DA:19,7
DA:20,7
DA:21,6
DA:22,5
DA:25,1
LF:14
LH:14
BRDA:17,0,0,8
BRF:1
BRH:1
end_of_record
TN:
SF:src/domain/errors/authentication.ts
FN:2,(anonymous_0)
FNF:1
FNH:1
FNDA:2,(anonymous_0)
DA:1,1
DA:3,2
DA:4,2
LF:3
LH:3
BRF:0
BRH:0
end_of_record
TN:
SF:src/domain/models/access-token.ts
FN:2,(anonymous_0)
FN:4,(anonymous_1)
FNF:2
FNH:2
FNDA:7,(anonymous_0)
FNDA:8,(anonymous_1)
DA:1,3
DA:2,7
DA:5,8
LF:3
LH:3
BRF:0
BRH:0
end_of_record
TN:
SF:src/domain/models/facebook-account.ts
FN:18,(anonymous_0)
FNF:1
FNH:1
FNDA:3,(anonymous_0)
DA:12,3
DA:19,3
DA:20,3
DA:21,3
DA:22,3
LF:5
LH:5
BRDA:20,0,0,3
BRDA:20,0,1,2
BRF:2
BRH:2
end_of_record
TN:
SF:src/infra/apis/facebook.ts
FN:23,(anonymous_0)
FN:29,(anonymous_1)
FN:39,(anonymous_2)
FN:50,(anonymous_3)
FN:61,(anonymous_4)
FNF:5
FNH:5
FNDA:4,(anonymous_0)
FNDA:4,(anonymous_1)
FNDA:4,(anonymous_2)
FNDA:4,(anonymous_3)
FNDA:4,(anonymous_4)
DA:20,1
DA:21,4
DA:24,4
DA:25,4
DA:26,4
DA:30,4
DA:32,4
DA:40,4
DA:51,4
DA:52,4
DA:62,4
DA:64,4
LF:12
LH:12
BRF:0
BRH:0
end_of_record
TN:
SF:src/infra/crypto/jwt-token-generator.ts
FN:6,(anonymous_0)
FN:8,(anonymous_1)
FNF:2
FNH:2
FNDA:3,(anonymous_0)
FNDA:3,(anonymous_1)
DA:3,1
DA:5,1
DA:6,3
DA:9,3
DA:10,3
LF:5
LH:5
BRF:0
BRH:0
end_of_record
TN:
SF:src/infra/http/axios-client.ts
FN:6,(anonymous_1)
FNF:1
FNH:1
FNDA:4,(anonymous_1)
DA:3,1
DA:5,1
DA:7,4
DA:8,3
LF:4
LH:4
BRF:0
BRH:0
end_of_record
TN:
SF:src/infra/postgres/entities/user.ts
FNF:0
FNH:0
DA:1,1
DA:4,1
DA:5,1
DA:8,1
DA:11,1
DA:14,1
LF:6
LH:6
BRF:0
BRH:0
end_of_record
TN:
SF:src/infra/postgres/repos/user-account.ts
FN:10,(anonymous_0)
FN:13,(anonymous_1)
FN:23,(anonymous_2)
FNF:3
FNH:3
FNDA:4,(anonymous_0)
FNDA:2,(anonymous_1)
FNDA:2,(anonymous_2)
DA:2,1
DA:4,1
DA:10,1
DA:11,4
DA:14,2
DA:15,2
DA:16,1
DA:25,2
DA:26,1
DA:31,1
DA:33,1
DA:34,1
DA:41,2
LF:13
LH:13
BRDA:15,0,0,1
BRDA:18,1,0,1
BRDA:18,1,1,1
BRDA:25,2,0,1
BRDA:25,2,1,1
BRF:5
BRH:5
end_of_record
